[debug] [2024-05-21T22:41:10.480Z] ----------------------------------------------------------------------
[debug] [2024-05-21T22:41:10.484Z] Command:       C:\Program Files\nodejs\node.exe C:\Users\User\AppData\Roaming\npm\node_modules\firebase-tools\lib\bin\firebase.js init
[debug] [2024-05-21T22:41:10.485Z] CLI Version:   13.10.0
[debug] [2024-05-21T22:41:10.485Z] Platform:      win32
[debug] [2024-05-21T22:41:10.485Z] Node Version:  v20.11.1
[debug] [2024-05-21T22:41:10.485Z] Time:          Wed May 22 2024 01:41:10 GMT+0300 (שעון ישראל (קיץ))
[debug] [2024-05-21T22:41:10.485Z] ----------------------------------------------------------------------
[debug] 
[debug] [2024-05-21T22:41:10.493Z] > command requires scopes: ["email","openid","https://www.googleapis.com/auth/cloudplatformprojects.readonly","https://www.googleapis.com/auth/firebase","https://www.googleapis.com/auth/cloud-platform"]
[debug] [2024-05-21T22:41:10.493Z] > authorizing via signed-in user (mk6764576@gmail.com)
[info] 
     ######## #### ########  ######## ########     ###     ######  ########
     ##        ##  ##     ## ##       ##     ##  ##   ##  ##       ##
     ######    ##  ########  ######   ########  #########  ######  ######
     ##        ##  ##    ##  ##       ##     ## ##     ##       ## ##
     ##       #### ##     ## ######## ########  ##     ##  ######  ########

You're about to initialize a Firebase project in this directory:

  C:\Users\User\Desktop\Employees-project\employee_client

[info] 
=== Project Setup
[info] 
[info] First, let's associate this project directory with a Firebase project.
[info] You can create multiple project aliases by running firebase use --add, 
[info] but for now we'll just set up a default project.
[info] 
[debug] [2024-05-21T22:43:07.832Z] >>> [apiv2][query] GET https://firebase.googleapis.com/v1beta1/projects pageSize=100
[debug] [2024-05-21T22:43:08.718Z] <<< [apiv2][status] GET https://firebase.googleapis.com/v1beta1/projects 200
[debug] [2024-05-21T22:43:08.718Z] <<< [apiv2][body] GET https://firebase.googleapis.com/v1beta1/projects [omitted]
[info] i  Using project employees-project-client (Employees-project-client) 
[info] 
=== Hosting Setup
[debug] [2024-05-21T22:43:18.702Z] >>> [apiv2][query] GET https://firebase.googleapis.com/v1beta1/projects/employees-project-client [none]
[debug] [2024-05-21T22:43:19.162Z] <<< [apiv2][status] GET https://firebase.googleapis.com/v1beta1/projects/employees-project-client 200
[debug] [2024-05-21T22:43:19.162Z] <<< [apiv2][body] GET https://firebase.googleapis.com/v1beta1/projects/employees-project-client {"projectId":"employees-project-client","projectNumber":"357588950768","displayName":"Employees-project-client","name":"projects/employees-project-client","resources":{"hostingSite":"employees-project-client"},"state":"ACTIVE","etag":"1_70528f9d-da93-4c6f-bc59-ce64423aaee7"}
[info] 
[info] Your public directory is the folder (relative to your project directory) that
[info] will contain Hosting assets to be uploaded with firebase deploy. If you
[info] have a build process for your assets, use your build's output directory.
[info] 
